# Logfile created on 2015-06-05 22:16:48 +0200 by logger.rb/v1.2.7
D, [2015-06-05T22:16:48.672475 #4248] DEBUG -- : MONGODB | Adding 127.0.0.1:27017 to the cluster. | runtime: 0.0019ms
D, [2015-06-05T22:16:48.673611 #4248] DEBUG -- : MONGODB | COMMAND | namespace=admin.$cmd selector={:ismaster=>1} flags=[] limit=-1 skip=0 project=nil | runtime: 0.9925ms
D, [2015-06-05T22:16:48.673874 #4248] DEBUG -- : MONGODB | Adding 127.0.0.1:27017 to the cluster. | runtime: 0.0017ms
D, [2015-06-05T22:16:48.674471 #4248] DEBUG -- : MONGODB | COMMAND | namespace=admin.$cmd selector={:ismaster=>1} flags=[] limit=-1 skip=0 project=nil | runtime: 0.5109ms
D, [2015-06-05T22:16:48.675677 #4248] DEBUG -- : MONGODB | COMMAND | namespace=mongolow_test.$cmd selector={:drop=>"person"} flags=[:slave_ok] limit=-1 skip=0 project=nil | runtime: 0.7355ms
D, [2015-06-05T22:16:48.677722 #4248] DEBUG -- : MONGODB | COMMAND | namespace=mongolow_test.$cmd selector={:insert=>"person", :documents=>[{"_id"=><BSON::ObjectId:0x27583880 data=557203b0726a751098000000>, "name"=>"p1", "age"=>"25", "email"=>"email1@email.com"}], :writeConcern=>{:w=>1}, :ordered=>true} flags=[] limit=-1 skip=0 project=nil | runtime: 0.7756ms
D, [2015-06-05T22:16:48.678286 #4248] DEBUG -- : MONGODB | COMMAND | namespace=mongolow_test.$cmd selector={:insert=>"person", :documents=>[{"_id"=><BSON::ObjectId:0x27533060 data=557203b0726a751098000001>, "name"=>"p2", "age"=>"23", "email"=>"email2@email.com"}], :writeConcern=>{:w=>1}, :ordered=>true} flags=[] limit=-1 skip=0 project=nil | runtime: 0.2320ms
D, [2015-06-05T22:16:48.678938 #4248] DEBUG -- : MONGODB | QUERY | namespace=mongolow_test.person selector={} flags=[:slave_ok] limit=0 skip=0 project=nil | runtime: 0.4129ms
D, [2015-06-05T22:16:48.679708 #4248] DEBUG -- : MONGODB | COMMAND | namespace=mongolow_test.$cmd selector={:insert=>"person", :documents=>[{"_id"=><BSON::ObjectId:0x27502300 data=557203b0726a751098000002>, "name"=>"p2", "age"=>"26", "email"=>"email2@email.com"}], :writeConcern=>{:w=>1}, :ordered=>true} flags=[] limit=-1 skip=0 project=nil | runtime: 0.5295ms
D, [2015-06-05T22:16:48.680467 #4248] DEBUG -- : MONGODB | QUERY | namespace=mongolow_test.person selector={"_id"=>nil} flags=[:slave_ok] limit=0 skip=0 project=nil | runtime: 0.5310ms
D, [2015-06-05T22:17:21.091273 #4270] DEBUG -- : MONGODB | Adding 127.0.0.1:27017 to the cluster. | runtime: 0.0019ms
D, [2015-06-05T22:17:21.092520 #4270] DEBUG -- : MONGODB | COMMAND | namespace=admin.$cmd selector={:ismaster=>1} flags=[] limit=-1 skip=0 project=nil | runtime: 1.0836ms
D, [2015-06-05T22:17:21.092690 #4270] DEBUG -- : MONGODB | Adding 127.0.0.1:27017 to the cluster. | runtime: 0.0012ms
D, [2015-06-05T22:17:21.093520 #4270] DEBUG -- : MONGODB | COMMAND | namespace=admin.$cmd selector={:ismaster=>1} flags=[] limit=-1 skip=0 project=nil | runtime: 0.7432ms
D, [2015-06-05T22:17:21.094705 #4270] DEBUG -- : MONGODB | COMMAND | namespace=mongolow_test.$cmd selector={:drop=>"person"} flags=[:slave_ok] limit=-1 skip=0 project=nil | runtime: 0.7417ms
D, [2015-06-05T22:17:21.097659 #4270] DEBUG -- : MONGODB | COMMAND | namespace=mongolow_test.$cmd selector={:insert=>"person", :documents=>[{"_id"=><BSON::ObjectId:0x23832400 data=557203d1726a7510ae000000>, "name"=>"p1", "age"=>"25", "email"=>"email1@email.com"}], :writeConcern=>{:w=>1}, :ordered=>true} flags=[] limit=-1 skip=0 project=nil | runtime: 1.6575ms
D, [2015-06-05T22:17:21.098525 #4270] DEBUG -- : MONGODB | COMMAND | namespace=mongolow_test.$cmd selector={:insert=>"person", :documents=>[{"_id"=><BSON::ObjectId:0x23808100 data=557203d1726a7510ae000001>, "name"=>"p2", "age"=>"23", "email"=>"email2@email.com"}], :writeConcern=>{:w=>1}, :ordered=>true} flags=[] limit=-1 skip=0 project=nil | runtime: 0.5867ms
D, [2015-06-05T22:17:21.099061 #4270] DEBUG -- : MONGODB | QUERY | namespace=mongolow_test.person selector={} flags=[:slave_ok] limit=0 skip=0 project=nil | runtime: 0.3390ms
D, [2015-06-05T22:17:21.099866 #4270] DEBUG -- : MONGODB | COMMAND | namespace=mongolow_test.$cmd selector={:insert=>"person", :documents=>[{"_id"=><BSON::ObjectId:0x23751220 data=557203d1726a7510ae000002>, "name"=>"p2", "age"=>"26", "email"=>"email2@email.com"}], :writeConcern=>{:w=>1}, :ordered=>true} flags=[] limit=-1 skip=0 project=nil | runtime: 0.5980ms
D, [2015-06-05T22:17:21.100495 #4270] DEBUG -- : MONGODB | QUERY | namespace=mongolow_test.person selector={"_id"=>nil} flags=[:slave_ok] limit=0 skip=0 project=nil | runtime: 0.4368ms
